# JRE version: Java(TM) SE Runtime Environment (15.0.2+7) (build 15.0.2+7-27)
# Java VM: Java HotSpot(TM) 64-Bit Server VM (15.0.2+7-27, mixed mode, sharing, tiered, compressed oops, g1 gc, windows-amd64)
GC Precious Log:
 CPUs: 8 total, 8 available
 Memory: 8102M
 Large Page Support: Disabled
 NUMA Support: Disabled
 Compressed Oops: Enabled (32-bit)
 Heap Region Size: 1M
 Heap Min Capacity: 8M
 Heap Initial Capacity: 128M
 Heap Max Capacity: 2026M
 Pre-touch: Disabled
 Parallel Workers: 8
 Concurrent Workers: 2
 Concurrent Refinement Workers: 8
 Periodic GC: Disabled
Heap:
 garbage-first heap   total 131072K, used 67944K [0x0000000081600000, 0x0000000100000000)
  region size 1024K, 7 young (7168K), 2 survivors (2048K)
 Metaspace       used 8809K, capacity 8970K, committed 9216K, reserved 1056768K
  class space    used 947K, capacity 998K, committed 1024K, reserved 1048576K
GC Heap History (6 events):
Event: 5.701 GC heap before
{Heap before GC invocations=0 (full 0):
 garbage-first heap   total 131072K, used 51200K [0x0000000081600000, 0x0000000100000000)
  region size 1024K, 23 young (23552K), 0 survivors (0K)
 Metaspace       used 7214K, capacity 7387K, committed 7552K, reserved 1056768K
  class space    used 770K, capacity 833K, committed 896K, reserved 1048576K
}
Event: 5.705 GC heap after
{Heap after GC invocations=1 (full 0):
 garbage-first heap   total 131072K, used 27685K [0x0000000081600000, 0x0000000100000000)
  region size 1024K, 3 young (3072K), 3 survivors (3072K)
 Metaspace       used 7214K, capacity 7387K, committed 7552K, reserved 1056768K
  class space    used 770K, capacity 833K, committed 896K, reserved 1048576K
}
Event: 7.625 GC heap before
{Heap before GC invocations=1 (full 0):
 garbage-first heap   total 131072K, used 93221K [0x0000000081600000, 0x0000000100000000)
  region size 1024K, 37 young (37888K), 3 survivors (3072K)
 Metaspace       used 8738K, capacity 8897K, committed 8960K, reserved 1056768K
  class space    used 936K, capacity 995K, committed 1024K, reserved 1048576K
}
Event: 7.629 GC heap after
{Heap after GC invocations=2 (full 0):
 garbage-first heap   total 131072K, used 60882K [0x0000000081600000, 0x0000000100000000)
  region size 1024K, 4 young (4096K), 4 survivors (4096K)
 Metaspace       used 8738K, capacity 8897K, committed 8960K, reserved 1056768K
  class space    used 936K, capacity 995K, committed 1024K, reserved 1048576K
}
Event: 7.643 GC heap before
{Heap before GC invocations=2 (full 0):
 garbage-first heap   total 131072K, used 64978K [0x0000000081600000, 0x0000000100000000)
  region size 1024K, 9 young (9216K), 4 survivors (4096K)
 Metaspace       used 8739K, capacity 8897K, committed 8960K, reserved 1056768K
  class space    used 936K, capacity 995K, committed 1024K, reserved 1048576K
}
Event: 7.647 GC heap after
{Heap after GC invocations=3 (full 0):
 garbage-first heap   total 131072K, used 60776K [0x0000000081600000, 0x0000000100000000)
  region size 1024K, 2 young (2048K), 2 survivors (2048K)
 Metaspace       used 8739K, capacity 8897K, committed 8960K, reserved 1056768K
  class space    used 936K, capacity 995K, committed 1024K, reserved 1048576K
}

